0 info it worked if it ends with ok
1 verbose cli [ 'C:\\Program Files\\nodejs\\node.exe',
1 verbose cli   'C:\\Users\\user\\AppData\\Roaming\\npm\\node_modules\\npm\\bin\\npm-cli.js',
1 verbose cli   'run',
1 verbose cli   'test' ]
2 info using npm@3.10.9
3 info using node@v9.2.0
4 verbose run-script [ 'pretest', 'test', 'posttest' ]
5 info lifecycle simple-todos@~pretest: simple-todos@
6 silly lifecycle simple-todos@~pretest: no script for pretest, continuing
7 info lifecycle simple-todos@~test: simple-todos@
8 verbose lifecycle simple-todos@~test: unsafe-perm in lifecycle true
9 verbose lifecycle simple-todos@~test: PATH: C:\Users\user\AppData\Roaming\npm\node_modules\npm\bin\node-gyp-bin;C:\Users\user\Desktop\METEOR\TodoApp\node_modules\.bin;C:\ProgramData\Oracle\Java\javapath;C:\Program Files (x86)\NVIDIA Corporation\PhysX\Common;C:\Program Files (x86)\Intel\iCLS Client\;C:\Program Files\Intel\iCLS Client\;C:\WINDOWS\system32;C:\WINDOWS;C:\WINDOWS\System32\Wbem;C:\WINDOWS\System32\WindowsPowerShell\v1.0\;C:\Program Files (x86)\Intel\OpenCL SDK\2.0\bin\x86;C:\Program Files (x86)\Intel\OpenCL SDK\2.0\bin\x64;C:\Program Files\Intel\WiFi\bin\;C:\Program Files\Common Files\Intel\WirelessCommon\;C:\Program Files (x86)\Windows Kits\8.1\Windows Performance Toolkit\;C:\Program Files\Microsoft SQL Server\110\Tools\Binn\;C:\Program Files (x86)\Microsoft SDKs\TypeScript\1.0\;C:\Program Files\Microsoft SQL Server\120\Tools\Binn\;C:\Program Files (x86)\Windows Live\Shared;C:\OpenServer\modules\php\PHP-5.6-x64;C:\ProgramData\ComposerSetup\bin;C:\HashiCorp\Vagrant\bin;C:\ProgramData\chocolatey\bin;C:\Program Files\Git\cmd;C:\Program Files\Mercurial;C:\Program Files\Intel\Intel(R) Management Engine Components\DAL;C:\Program Files\Intel\Intel(R) Management Engine Components\IPT;C:\Program Files (x86)\Intel\Intel(R) Management Engine Components\DAL;C:\Program Files (x86)\Intel\Intel(R) Management Engine Components\IPT;C:\Program Files\nodejs\;C:\WINDOWS\System32\OpenSSH\;C:\Program Files (x86)\Intel\OpenCL SDK\2.0\bin\x86;C:\Program Files (x86)\Intel\OpenCL SDK\2.0\bin\x64;C:\Program Files (x86)\Intel\OpenCL SDK\2.0\bin\x86;C:\Program Files (x86)\Intel\OpenCL SDK\2.0\bin\x64;C:\Ruby25-x64\bin;C:\Users\user\AppData\Roaming\cabal\bin;C:\Users\user\AppData\Local\Microsoft\WindowsApps;C:\Users\user\AppData\Roaming\Composer\vendor\bin;C:\Program Files\Mercurial\;C:\tools\php;C:\Users\user\AppData\Roaming\npm;C:\Program Files\MongoDB\Server\4.0\bin;C:\Users\user\AppData\Local\.meteor;
10 verbose lifecycle simple-todos@~test: CWD: C:\Users\user\Desktop\METEOR\TodoApp
11 silly lifecycle simple-todos@~test: Args: [ '/d /s /c',
11 silly lifecycle   'meteor test --once --driver-package meteortesting:mocha' ]
12 silly lifecycle simple-todos@~test: Returned: code: 254  signal: null
13 info lifecycle simple-todos@~test: Failed to exec test script
14 verbose stack Error: simple-todos@ test: `meteor test --once --driver-package meteortesting:mocha`
14 verbose stack Exit status 254
14 verbose stack     at EventEmitter.<anonymous> (C:\Users\user\AppData\Roaming\npm\node_modules\npm\lib\utils\lifecycle.js:255:16)
14 verbose stack     at EventEmitter.emit (events.js:159:13)
14 verbose stack     at ChildProcess.<anonymous> (C:\Users\user\AppData\Roaming\npm\node_modules\npm\lib\utils\spawn.js:40:14)
14 verbose stack     at ChildProcess.emit (events.js:159:13)
14 verbose stack     at maybeClose (internal/child_process.js:943:16)
14 verbose stack     at Process.ChildProcess._handle.onexit (internal/child_process.js:220:5)
15 verbose pkgid simple-todos@
16 verbose cwd C:\Users\user\Desktop\METEOR\TodoApp
17 error Windows_NT 10.0.17134
18 error argv "C:\\Program Files\\nodejs\\node.exe" "C:\\Users\\user\\AppData\\Roaming\\npm\\node_modules\\npm\\bin\\npm-cli.js" "run" "test"
19 error node v9.2.0
20 error npm  v3.10.9
21 error code ELIFECYCLE
22 error simple-todos@ test: `meteor test --once --driver-package meteortesting:mocha`
22 error Exit status 254
23 error Failed at the simple-todos@ test script 'meteor test --once --driver-package meteortesting:mocha'.
23 error Make sure you have the latest version of node.js and npm installed.
23 error If you do, this is most likely a problem with the simple-todos package,
23 error not with npm itself.
23 error Tell the author that this fails on your system:
23 error     meteor test --once --driver-package meteortesting:mocha
23 error You can get information on how to open an issue for this project with:
23 error     npm bugs simple-todos
23 error Or if that isn't available, you can get their info via:
23 error     npm owner ls simple-todos
23 error There is likely additional logging output above.
24 verbose exit [ 1, true ]
